i:0 j:0 k:3 tmp:(()()()()) ok:1 
i:0 j:1 k:3 tmp:(())(()()) ok:1 
i:0 j:1 k:9 tmp:(()())(()) ok:1 
i:0 j:2 k:3 tmp:(()()()()) ok:1 
i:0 j:3 k:8 tmp:((())(())) ok:1 
i:0 j:4 k:3 tmp:(()()()()) ok:1 
i:0 j:5 k:6 tmp:(()(()))() ok:1 
i:0 j:5 k:8 tmp:()(()(())) ok:1 
i:0 j:6 k:4 tmp:((()))()() ok:1 
i:0 j:6 k:6 tmp:()((()))() ok:1 
i:0 j:6 k:8 tmp:()()((())) ok:1 
i:0 j:7 k:3 tmp:(()()()()) ok:1 
i:0 j:8 k:3 tmp:(()()()()) ok:1 
i:0 j:9 k:3 tmp:((())()()) ok:1 
i:1 j:0 k:3 tmp:(())(()()) ok:1 
i:1 j:0 k:9 tmp:(()())(()) ok:1 
i:1 j:1 k:3 tmp:(()()()()) ok:1 
i:1 j:2 k:3 tmp:(()(())()) ok:1 
i:1 j:3 k:3 tmp:(()()()()) ok:1 
i:1 j:4 k:3 tmp:(()((()))) ok:1 
i:1 j:5 k:3 tmp:(()()()()) ok:1 
i:1 j:6 k:3 tmp:(()()()()) ok:1 
i:1 j:7 k:0 tmp:((()()))() ok:1 
i:1 j:7 k:2 tmp:()((()())) ok:1 
i:1 j:8 k:0 tmp:((()())()) ok:1 
i:1 j:9 k:3 tmp:(()()()()) ok:1 
i:2 j:0 k:3 tmp:(()()()()) ok:1 
i:2 j:1 k:3 tmp:(()(())()) ok:1 
i:2 j:2 k:3 tmp:(()()()()) ok:1 
i:2 j:3 k:3 tmp:(()())(()) ok:1 
i:2 j:3 k:7 tmp:(())(()()) ok:1 
i:2 j:4 k:3 tmp:(()()()()) ok:1 
i:2 j:5 k:6 tmp:(()(()())) ok:1 
i:2 j:6 k:4 tmp:((()()))() ok:1 
i:2 j:6 k:6 tmp:()((()())) ok:1 
i:2 j:7 k:3 tmp:(()()()()) ok:1 
i:2 j:8 k:3 tmp:(()()()()) ok:1 
i:2 j:9 k:3 tmp:(((()))()) ok:1 
i:3 j:0 k:8 tmp:((())(())) ok:1 
i:3 j:1 k:3 tmp:(()()()()) ok:1 
i:3 j:2 k:3 tmp:(()())(()) ok:1 
i:3 j:2 k:7 tmp:(())(()()) ok:1 
i:3 j:3 k:3 tmp:(()()()()) ok:1 
i:3 j:4 k:3 tmp:(()()(())) ok:1 
i:3 j:5 k:3 tmp:(()()()()) ok:1 
i:3 j:6 k:3 tmp:(()()()()) ok:1 
i:3 j:7 k:0 tmp:()((()))() ok:1 
i:3 j:7 k:2 tmp:()()((())) ok:1 
i:3 j:7 k:8 tmp:((()))()() ok:1 
i:3 j:8 k:0 tmp:()((())()) ok:1 
i:3 j:8 k:8 tmp:((())())() ok:1 
i:3 j:9 k:3 tmp:(()()()()) ok:1 
i:4 j:0 k:3 tmp:(()()()()) ok:1 
i:4 j:1 k:3 tmp:(()((()))) ok:1 
i:4 j:2 k:3 tmp:(()()()()) ok:1 
i:4 j:3 k:3 tmp:(()()(())) ok:1 
i:4 j:4 k:3 tmp:(()()()()) ok:1 
i:4 j:5 k:3 tmp:(()()())() ok:1 
i:4 j:5 k:5 tmp:()(()()()) ok:1 
i:4 j:6 k:4 tmp:((()()())) ok:1 
i:4 j:7 k:3 tmp:(()()()()) ok:1 
i:4 j:8 k:3 tmp:(()()()()) ok:1 
i:4 j:9 k:3 tmp:(((()()))) ok:1 
i:5 j:0 k:6 tmp:(()(()))() ok:1 
i:5 j:0 k:8 tmp:()(()(())) ok:1 
i:5 j:1 k:3 tmp:(()()()()) ok:1 
i:5 j:2 k:6 tmp:(()(()())) ok:1 
i:5 j:3 k:3 tmp:(()()()()) ok:1 
i:5 j:4 k:3 tmp:(()()())() ok:1 
i:5 j:4 k:5 tmp:()(()()()) ok:1 
i:5 j:5 k:3 tmp:(()()()()) ok:1 
i:5 j:6 k:3 tmp:(()()()()) ok:1 
i:5 j:7 k:0 tmp:()()(())() ok:1 
i:5 j:7 k:2 tmp:()()()(()) ok:1 
i:5 j:7 k:6 tmp:(())()()() ok:1 
i:5 j:7 k:8 tmp:()(())()() ok:1 
i:5 j:8 k:0 tmp:()()(()()) ok:1 
i:5 j:8 k:6 tmp:(()())()() ok:1 
i:5 j:8 k:8 tmp:()(()())() ok:1 
i:5 j:9 k:3 tmp:(()()()()) ok:1 
i:6 j:0 k:4 tmp:((()))()() ok:1 
i:6 j:0 k:6 tmp:()((()))() ok:1 
i:6 j:0 k:8 tmp:()()((())) ok:1 
i:6 j:1 k:3 tmp:(()()()()) ok:1 
i:6 j:2 k:4 tmp:((()()))() ok:1 
i:6 j:2 k:6 tmp:()((()())) ok:1 
i:6 j:3 k:3 tmp:(()()()()) ok:1 
i:6 j:4 k:4 tmp:((()()())) ok:1 
i:6 j:5 k:3 tmp:(()()()()) ok:1 
i:6 j:6 k:3 tmp:(()()()()) ok:1 
i:6 j:7 k:0 tmp:()()()()() ok:1 
i:6 j:7 k:2 tmp:()()()()() ok:1 
i:6 j:7 k:4 tmp:()()()()() ok:1 
i:6 j:7 k:6 tmp:()()()()() ok:1 
i:6 j:7 k:8 tmp:()()()()() ok:1 
i:6 j:8 k:0 tmp:()()()(()) ok:1 
i:6 j:8 k:4 tmp:(())()()() ok:1 
i:6 j:8 k:6 tmp:()(())()() ok:1 
i:6 j:8 k:8 tmp:()()(())() ok:1 
i:6 j:9 k:3 tmp:(()()()()) ok:1 
i:7 j:0 k:3 tmp:(()()()()) ok:1 
i:7 j:1 k:0 tmp:((()()))() ok:1 
i:7 j:1 k:2 tmp:()((()())) ok:1 
i:7 j:2 k:3 tmp:(()()()()) ok:1 
i:7 j:3 k:0 tmp:()((()))() ok:1 
i:7 j:3 k:2 tmp:()()((())) ok:1 
i:7 j:3 k:8 tmp:((()))()() ok:1 
i:7 j:4 k:3 tmp:(()()()()) ok:1 
i:7 j:5 k:0 tmp:()()(())() ok:1 
i:7 j:5 k:2 tmp:()()()(()) ok:1 
i:7 j:5 k:6 tmp:(())()()() ok:1 
i:7 j:5 k:8 tmp:()(())()() ok:1 
i:7 j:6 k:0 tmp:()()()()() ok:1 
i:7 j:6 k:2 tmp:()()()()() ok:1 
i:7 j:6 k:4 tmp:()()()()() ok:1 
i:7 j:6 k:6 tmp:()()()()() ok:1 
i:7 j:6 k:8 tmp:()()()()() ok:1 
i:7 j:7 k:3 tmp:(()()()()) ok:1 
i:7 j:8 k:3 tmp:(()()()()) ok:1 
i:7 j:9 k:2 tmp:((()()())) ok:1 
i:8 j:0 k:3 tmp:(()()()()) ok:1 
i:8 j:1 k:0 tmp:((()())()) ok:1 
i:8 j:2 k:3 tmp:(()()()()) ok:1 
i:8 j:3 k:0 tmp:()((())()) ok:1 
i:8 j:3 k:8 tmp:((())())() ok:1 
i:8 j:4 k:3 tmp:(()()()()) ok:1 
i:8 j:5 k:0 tmp:()()(()()) ok:1 
i:8 j:5 k:6 tmp:(()())()() ok:1 
i:8 j:5 k:8 tmp:()(()())() ok:1 
i:8 j:6 k:0 tmp:()()()(()) ok:1 
i:8 j:6 k:4 tmp:(())()()() ok:1 
i:8 j:6 k:6 tmp:()(())()() ok:1 
i:8 j:6 k:8 tmp:()()(())() ok:1 
i:8 j:7 k:3 tmp:(()()()()) ok:1 
i:8 j:8 k:3 tmp:(()()()()) ok:1 
i:8 j:9 k:1 tmp:(()()())() ok:1 
i:8 j:9 k:3 tmp:()(()()()) ok:1 
i:9 j:0 k:3 tmp:((())()()) ok:1 
i:9 j:1 k:3 tmp:(()()()()) ok:1 
i:9 j:2 k:3 tmp:(((()))()) ok:1 
i:9 j:3 k:3 tmp:(()()()()) ok:1 
i:9 j:4 k:3 tmp:(((()()))) ok:1 
i:9 j:5 k:3 tmp:(()()()()) ok:1 
i:9 j:6 k:3 tmp:(()()()()) ok:1 
i:9 j:7 k:2 tmp:((()()())) ok:1 
i:9 j:8 k:1 tmp:(()()())() ok:1 
i:9 j:8 k:3 tmp:()(()()()) ok:1 
i:9 j:9 k:3 tmp:(()()()()) ok:1 
5
6 7
